<?xml version="1.0" encoding="UTF-8"?>
<!-- Generated by org.testng.reporters.JUnitReportReporter -->
<testsuite skipped="0" hostname="BDC6-DX-DC3DH92" name="Jenkins.Test2" tests="1" failures="0" timestamp="2020-08-20T16:31:23 IST" time="0.001" errors="0">
  <testcase name="tes2" time="0.001" classname="Jenkins.Test2"/>
  <system-out/>
</testsuite> <!-- Jenkins.Test2 -->
