<?xml version="1.0" encoding="UTF-8"?>
<!-- Generated by org.testng.reporters.JUnitReportReporter -->
<testsuite skipped="0" hostname="BDC6-DX-DC3DH92" name="Jenkins.Test1" tests="1" failures="0" timestamp="2020-08-20T16:31:23 IST" time="0.033" errors="0">
  <testcase name="tes1" time="0.033" classname="Jenkins.Test1"/>
  <system-out/>
</testsuite> <!-- Jenkins.Test1 -->
